Using pre-set license
Built from '2022.3/staging' branch; Version is '2022.3.21f1 (bf09ca542b87) revision 12519882'; Using compiler version '192829333'; Build Type 'Release'
OS: 'Windows 11  (10.0.22631) 64bit Professional' Language: 'ko' Physical Memory: 32461 MB
BatchMode: 1, IsHumanControllingUs: 0, StartBugReporterOnCrash: 0, Is64bit: 1, IsPro: 1

COMMAND LINE ARGUMENTS:
C:\Program Files\Unity\Hub\Editor\2022.3.21f1\Editor\Unity.exe
-adb2
-batchMode
-noUpm
-name
AssetImportWorker3
-projectPath
C:/Users/keyon/OneDrive/Desktop/SKUGameProgramming4/SKUGameProgramming
-logFile
Logs/AssetImportWorker3.log
-srvPort
1401
Successfully changed project path to: C:/Users/keyon/OneDrive/Desktop/SKUGameProgramming4/SKUGameProgramming
C:/Users/keyon/OneDrive/Desktop/SKUGameProgramming4/SKUGameProgramming
[UnityMemory] Configuration Parameters - Can be set up in boot.config
    "memorysetup-bucket-allocator-granularity=16"
    "memorysetup-bucket-allocator-bucket-count=8"
    "memorysetup-bucket-allocator-block-size=33554432"
    "memorysetup-bucket-allocator-block-count=8"
    "memorysetup-main-allocator-block-size=16777216"
    "memorysetup-thread-allocator-block-size=16777216"
    "memorysetup-gfx-main-allocator-block-size=16777216"
    "memorysetup-gfx-thread-allocator-block-size=16777216"
    "memorysetup-cache-allocator-block-size=4194304"
    "memorysetup-typetree-allocator-block-size=2097152"
    "memorysetup-profiler-bucket-allocator-granularity=16"
    "memorysetup-profiler-bucket-allocator-bucket-count=8"
    "memorysetup-profiler-bucket-allocator-block-size=33554432"
    "memorysetup-profiler-bucket-allocator-block-count=8"
    "memorysetup-profiler-allocator-block-size=16777216"
    "memorysetup-profiler-editor-allocator-block-size=1048576"
    "memorysetup-temp-allocator-size-main=16777216"
    "memorysetup-job-temp-allocator-block-size=2097152"
    "memorysetup-job-temp-allocator-block-size-background=1048576"
    "memorysetup-job-temp-allocator-reduction-small-platforms=262144"
    "memorysetup-allocator-temp-initial-block-size-main=262144"
    "memorysetup-allocator-temp-initial-block-size-worker=262144"
    "memorysetup-temp-allocator-size-background-worker=32768"
    "memorysetup-temp-allocator-size-job-worker=262144"
    "memorysetup-temp-allocator-size-preload-manager=33554432"
    "memorysetup-temp-allocator-size-nav-mesh-worker=65536"
    "memorysetup-temp-allocator-size-audio-worker=65536"
    "memorysetup-temp-allocator-size-cloud-worker=32768"
    "memorysetup-temp-allocator-size-gi-baking-worker=262144"
    "memorysetup-temp-allocator-size-gfx=262144"
Player connection [29536] Host "[IP] 192.168.0.14 [Port] 0 [Flags] 2 [Guid] 519055182 [EditorId] 519055182 [Version] 1048832 [Id] WindowsEditor(7,홍원기) [Debug] 1 [PackageName] WindowsEditor [ProjectName] Editor" joined multi-casting on [225.0.0.222:54997]...

Player connection [29536] Host "[IP] 192.168.0.14 [Port] 0 [Flags] 2 [Guid] 519055182 [EditorId] 519055182 [Version] 1048832 [Id] WindowsEditor(7,홍원기) [Debug] 1 [PackageName] WindowsEditor [ProjectName] Editor" joined alternative multi-casting on [225.0.0.222:34997]...

[Physics::Module] Initialized MultithreadedJobDispatcher with 23 workers.
Refreshing native plugins compatible for Editor in 17.24 ms, found 9 plugins.
Preloading 0 native plugins for Editor in 0.00 ms.
Initialize engine version: 2022.3.21f1 (bf09ca542b87)
[Subsystems] Discovering subsystems at path C:/Program Files/Unity/Hub/Editor/2022.3.21f1/Editor/Data/Resources/UnitySubsystems
[Subsystems] Discovering subsystems at path C:/Users/keyon/OneDrive/Desktop/SKUGameProgramming4/SKUGameProgramming/Assets
GfxDevice: creating device client; threaded=0; jobified=0
Direct3D:
    Version:  Direct3D 11.0 [level 11.1]
    Renderer: NVIDIA GeForce RTX 4060 Laptop GPU (ID=0x28a0)
    Vendor:   NVIDIA
    VRAM:     7972 MB
    Driver:   31.0.15.4680
Initialize mono
Mono path[0] = 'C:/Program Files/Unity/Hub/Editor/2022.3.21f1/Editor/Data/Managed'
Mono path[1] = 'C:/Program Files/Unity/Hub/Editor/2022.3.21f1/Editor/Data/MonoBleedingEdge/lib/mono/unityjit-win32'
Mono config path = 'C:/Program Files/Unity/Hub/Editor/2022.3.21f1/Editor/Data/MonoBleedingEdge/etc'
Using monoOptions --debugger-agent=transport=dt_socket,embedding=1,server=y,suspend=n,address=127.0.0.1:56636
Begin MonoManager ReloadAssembly
Registering precompiled unity dll's ...
Register platform support module: C:/Program Files/Unity/Hub/Editor/2022.3.21f1/Editor/Data/PlaybackEngines/AndroidPlayer/UnityEditor.Android.Extensions.dll
Register platform support module: C:/Program Files/Unity/Hub/Editor/2022.3.21f1/Editor/Data/PlaybackEngines/WindowsStandaloneSupport/UnityEditor.WindowsStandalone.Extensions.dll
Registered in 0.005505 seconds.
- Loaded All Assemblies, in  0.234 seconds
Native extension for WindowsStandalone target not found
Native extension for Android target not found
Android Extension - Scanning For ADB Devices 236 ms
Mono: successfully reloaded assembly
- Finished resetting the current domain, in  0.467 seconds
Domain Reload Profiling: 700ms
	BeginReloadAssembly (74ms)
		ExecutionOrderSort (0ms)
		DisableScriptedObjects (0ms)
		BackupInstance (0ms)
		ReleaseScriptingObjects (0ms)
		CreateAndSetChildDomain (1ms)
	RebuildCommonClasses (21ms)
	RebuildNativeTypeToScriptingClass (7ms)
	initialDomainReloadingComplete (41ms)
	LoadAllAssembliesAndSetupDomain (91ms)
		LoadAssemblies (73ms)
		RebuildTransferFunctionScriptingTraits (0ms)
		AnalyzeDomain (89ms)
			TypeCache.Refresh (88ms)
				TypeCache.ScanAssembly (79ms)
			ScanForSourceGeneratedMonoScriptInfo (0ms)
			ResolveRequiredComponents (1ms)
	FinalizeReload (467ms)
		ReleaseScriptCaches (0ms)
		RebuildScriptCaches (0ms)
		SetupLoadedEditorAssemblies (429ms)
			LogAssemblyErrors (0ms)
			InitializePlatformSupportModulesInManaged (310ms)
			SetLoadedEditorAssemblies (3ms)
			RefreshPlugins (0ms)
			BeforeProcessingInitializeOnLoad (1ms)
			ProcessInitializeOnLoadAttributes (80ms)
			ProcessInitializeOnLoadMethodAttributes (35ms)
			AfterProcessingInitializeOnLoad (0ms)
			EditorAssembliesLoaded (0ms)
		ExecutionOrderSort2 (0ms)
		AwakeInstancesAfterBackupRestoration (0ms)
========================================================================
Worker process is ready to serve import requests
Begin MonoManager ReloadAssembly
- Loaded All Assemblies, in  0.565 seconds
Refreshing native plugins compatible for Editor in 18.71 ms, found 9 plugins.
Native extension for WindowsStandalone target not found
Native extension for Android target not found
Package Manager log level set to [2]
[Package Manager] Server::EnsureServerProcessIsRunning -- launch failed, reason: Unity was launched with the -noUpm command-line argument
[Package Manager] UpmClient::Send -- Unable to send message (not connected to UPM process).
[Package Manager] Cannot connect to Unity Package Manager local server
Mono: successfully reloaded assembly
- Finished resetting the current domain, in  0.576 seconds
Domain Reload Profiling: 1138ms
	BeginReloadAssembly (97ms)
		ExecutionOrderSort (0ms)
		DisableScriptedObjects (3ms)
		BackupInstance (0ms)
		ReleaseScriptingObjects (0ms)
		CreateAndSetChildDomain (14ms)
	RebuildCommonClasses (20ms)
	RebuildNativeTypeToScriptingClass (6ms)
	initialDomainReloadingComplete (30ms)
	LoadAllAssembliesAndSetupDomain (408ms)
		LoadAssemblies (284ms)
		RebuildTransferFunctionScriptingTraits (0ms)
		AnalyzeDomain (182ms)
			TypeCache.Refresh (148ms)
				TypeCache.ScanAssembly (135ms)
			ScanForSourceGeneratedMonoScriptInfo (24ms)
			ResolveRequiredComponents (9ms)
	FinalizeReload (576ms)
		ReleaseScriptCaches (0ms)
		RebuildScriptCaches (0ms)
		SetupLoadedEditorAssemblies (454ms)
			LogAssemblyErrors (0ms)
			InitializePlatformSupportModulesInManaged (17ms)
			SetLoadedEditorAssemblies (3ms)
			RefreshPlugins (0ms)
			BeforeProcessingInitializeOnLoad (67ms)
			ProcessInitializeOnLoadAttributes (302ms)
			ProcessInitializeOnLoadMethodAttributes (60ms)
			AfterProcessingInitializeOnLoad (5ms)
			EditorAssembliesLoaded (0ms)
		ExecutionOrderSort2 (0ms)
		AwakeInstancesAfterBackupRestoration (8ms)
Launched and connected shader compiler UnityShaderCompiler.exe after 0.03 seconds
Refreshing native plugins compatible for Editor in 5.50 ms, found 9 plugins.
Preloading 0 native plugins for Editor in 0.00 ms.
Unloading 6782 Unused Serialized files (Serialized files now loaded: 0)
Unloading 136 unused Assets / (1.7 MB). Loaded Objects now: 7240.
Memory consumption went from 258.8 MB to 257.2 MB.
Total: 3.446700 ms (FindLiveObjects: 0.299800 ms CreateObjectMapping: 0.189100 ms MarkObjects: 2.378300 ms  DeleteObjects: 0.578800 ms)

AssetImportParameters requested are different than current active one (requested -> active):
  custom:container-demuxer-ogg: 62fdf1f143b41e24485cea50d1cbac27 -> 
  custom:framework-win-MediaFoundation: 216162199b28c13a410421893ffa2e32 -> 
  custom:container-muxer-webm: aa71ff27fc2769a1b78a27578f13a17b -> 
  custom:video-decoder-webm-vp8: 9c59270c3fd7afecdb556c50c9e8de78 -> 
  custom:SearchIndexIgnoredProperties: e643bd26f0fe6173181afceb89e7c659 -> 
  custom:AudioImporter_EditorPlatform: d09bf68614088b80899f8185d706f6e7 -> 
  custom:audio-decoder-ogg-vorbis: bf7c407c2cedff20999df2af8eb42d56 -> 
  custom:audio-encoder-webm-vorbis: bf7c407c2cedff20999df2af8eb42d56 -> 
  custom:video-codec-MediaFoundation-h265: 746d11721c4dcdbdad8f713fa42b33f4 -> 
  custom:video-decoder-ogg-theora: a1e56fd34408186e4bbccfd4996cb3dc -> 
  custom:CustomObjectIndexerAttribute: 72b91833f83ae208fae7752999fa3104 -> 
  custom:container-demuxer-webm: 4f35f7cbe854078d1ac9338744f61a02 -> 
  custom:video-encoder-webm-vp8: eb34c28f22e8b96e1ab97ce403110664 -> 
========================================================================
Received Import Request.
  Time since last request: 9433.759112 seconds.
  path: Assets/04.ArtResource/KeyboardUI/Classic/Light/Single PNGs/SPACEALTERNATIVE.png
  artifactKey: Guid(577bada6581c212438fbcde0d816ad58) Importer(815301076,1909f56bfc062723c751e8b465ee728b)
Start importing Assets/04.ArtResource/KeyboardUI/Classic/Light/Single PNGs/SPACEALTERNATIVE.png using Guid(577bada6581c212438fbcde0d816ad58) Importer(815301076,1909f56bfc062723c751e8b465ee728b)  -> (artifact id: '4531995485865997eabf04bf1cda8d74') in 0.068501 seconds
Number of updated asset objects reloaded before import = 0
Number of asset objects unloaded after import = 3
========================================================================
Received Import Request.
  Time since last request: 0.000024 seconds.
  path: Assets/04.ArtResource/KeyboardUI/Jumbo/Light/Spritesheets/SPACEALTERNATIVE.png
  artifactKey: Guid(fa76ff3e86c09dd488f2443769d47afc) Importer(815301076,1909f56bfc062723c751e8b465ee728b)
Start importing Assets/04.ArtResource/KeyboardUI/Jumbo/Light/Spritesheets/SPACEALTERNATIVE.png using Guid(fa76ff3e86c09dd488f2443769d47afc) Importer(815301076,1909f56bfc062723c751e8b465ee728b)  -> (artifact id: '98481b7435a828356a7fac1d2a09fa2e') in 0.028027 seconds
Number of updated asset objects reloaded before import = 0
Number of asset objects unloaded after import = 3
========================================================================
Received Import Request.
  Time since last request: 0.000019 seconds.
  path: Assets/04.ArtResource/KeyboardUI/Classic/Dark/Single PNGs/SPACEALTERNATIVE.png
  artifactKey: Guid(6d78e74ee1873a440b6015d6d36e628d) Importer(815301076,1909f56bfc062723c751e8b465ee728b)
Start importing Assets/04.ArtResource/KeyboardUI/Classic/Dark/Single PNGs/SPACEALTERNATIVE.png using Guid(6d78e74ee1873a440b6015d6d36e628d) Importer(815301076,1909f56bfc062723c751e8b465ee728b)  -> (artifact id: '6cb52ff11a7db3c823beb5f2b08ca3ef') in 0.020737 seconds
Number of updated asset objects reloaded before import = 0
Number of asset objects unloaded after import = 3
========================================================================
Received Import Request.
  Time since last request: 0.000024 seconds.
  path: Assets/FX/Demo/FX001/1.gif
  artifactKey: Guid(bd7e921e22f8f2e468475a7187870c40) Importer(815301076,1909f56bfc062723c751e8b465ee728b)
Start importing Assets/FX/Demo/FX001/1.gif using Guid(bd7e921e22f8f2e468475a7187870c40) Importer(815301076,1909f56bfc062723c751e8b465ee728b)  -> (artifact id: '8bee2e95a71135033d70e2c166e19bbc') in 0.011818 seconds
Number of updated asset objects reloaded before import = 0
Number of asset objects unloaded after import = 3
========================================================================
Received Import Request.
  Time since last request: 0.000016 seconds.
  path: Assets/04.ArtResource/The Legend of Slim/07 RPG/Sky/02.png
  artifactKey: Guid(2f98885b04751da49af331f3453fb44f) Importer(815301076,1909f56bfc062723c751e8b465ee728b)
Start importing Assets/04.ArtResource/The Legend of Slim/07 RPG/Sky/02.png using Guid(2f98885b04751da49af331f3453fb44f) Importer(815301076,1909f56bfc062723c751e8b465ee728b)  -> (artifact id: 'e55c3baca51c403cc47496a00ed7f478') in 0.016854 seconds
Number of updated asset objects reloaded before import = 0
Number of asset objects unloaded after import = 3
========================================================================
Received Import Request.
  Time since last request: 0.000018 seconds.
  path: Assets/04.ArtResource/The Legend of Slim/01 Original/Black/02.png
  artifactKey: Guid(1c83ec22f7599a44eb322beb6e410162) Importer(815301076,1909f56bfc062723c751e8b465ee728b)
Start importing Assets/04.ArtResource/The Legend of Slim/01 Original/Black/02.png using Guid(1c83ec22f7599a44eb322beb6e410162) Importer(815301076,1909f56bfc062723c751e8b465ee728b)  -> (artifact id: '3fd8e9cbd31d715b6c638eb82a43e6b2') in 0.022459 seconds
Number of updated asset objects reloaded before import = 0
Number of asset objects unloaded after import = 3
========================================================================
Received Import Request.
  Time since last request: 0.000078 seconds.
  path: Assets/04.ArtResource/The Legend of Slim/01 Original/Yellow/02.png
  artifactKey: Guid(106a8a82424f28b4691af9423048e111) Importer(815301076,1909f56bfc062723c751e8b465ee728b)
Start importing Assets/04.ArtResource/The Legend of Slim/01 Original/Yellow/02.png using Guid(106a8a82424f28b4691af9423048e111) Importer(815301076,1909f56bfc062723c751e8b465ee728b)  -> (artifact id: '3bb62b2559c11ed3436a4c612705bfeb') in 0.031250 seconds
Number of updated asset objects reloaded before import = 0
Number of asset objects unloaded after import = 3
========================================================================
Received Import Request.
  Time since last request: 0.000014 seconds.
  path: Assets/04.ArtResource/The Legend of Slim/07 RPG/King/02.png
  artifactKey: Guid(ee9eeeb453bff524283628c023cdc76f) Importer(815301076,1909f56bfc062723c751e8b465ee728b)
Start importing Assets/04.ArtResource/The Legend of Slim/07 RPG/King/02.png using Guid(ee9eeeb453bff524283628c023cdc76f) Importer(815301076,1909f56bfc062723c751e8b465ee728b)  -> (artifact id: '45fbe62c7bf6864620d14d2a4c055be4') in 0.026153 seconds
Number of updated asset objects reloaded before import = 0
Number of asset objects unloaded after import = 3
========================================================================
Received Import Request.
  Time since last request: 0.000015 seconds.
  path: Assets/04.ArtResource/KeyboardUI/Jumbo/Light/Spritesheets/1.png
  artifactKey: Guid(60244e60189a9e64f86e375cff7229b3) Importer(815301076,1909f56bfc062723c751e8b465ee728b)
Start importing Assets/04.ArtResource/KeyboardUI/Jumbo/Light/Spritesheets/1.png using Guid(60244e60189a9e64f86e375cff7229b3) Importer(815301076,1909f56bfc062723c751e8b465ee728b)  -> (artifact id: '72412d419f0e1454f4a68f1e322ba842') in 0.025332 seconds
Number of updated asset objects reloaded before import = 0
Number of asset objects unloaded after import = 3
========================================================================
Received Import Request.
  Time since last request: 0.000016 seconds.
  path: Assets/04.ArtResource/KeyboardUI/Jumbo/Dark/Spritesheets/1.png
  artifactKey: Guid(9986a488242f0c0429c931aa2380c4ca) Importer(815301076,1909f56bfc062723c751e8b465ee728b)
Start importing Assets/04.ArtResource/KeyboardUI/Jumbo/Dark/Spritesheets/1.png using Guid(9986a488242f0c0429c931aa2380c4ca) Importer(815301076,1909f56bfc062723c751e8b465ee728b)  -> (artifact id: '98d322c764b9657648520754141042f9') in 0.013850 seconds
Number of updated asset objects reloaded before import = 0
Number of asset objects unloaded after import = 3
Editor requested this worker to shutdown with reason: Scaling down because of idle timeout
TcpMessagingSession - receive error: operation aborted. errorcode: 995, details: 스레드 종료 또는 응용 프로그램 요청 때문에 I/O 작업이 취소되었습니다.
AssetImportWorker is now disconnected from the server
Process exiting
Exiting without the bug reporter. Application will terminate with return code 0