Using pre-set license
Built from '2022.3/staging' branch; Version is '2022.3.21f1 (bf09ca542b87) revision 12519882'; Using compiler version '192829333'; Build Type 'Release'
OS: 'Windows 11  (10.0.22631) 64bit Professional' Language: 'ko' Physical Memory: 32461 MB
BatchMode: 1, IsHumanControllingUs: 0, StartBugReporterOnCrash: 0, Is64bit: 1, IsPro: 1

COMMAND LINE ARGUMENTS:
C:\Program Files\Unity\Hub\Editor\2022.3.21f1\Editor\Unity.exe
-adb2
-batchMode
-noUpm
-name
AssetImportWorker2
-projectPath
C:/Users/keyon/OneDrive/Desktop/SKUGameProgramming4/SKUGameProgramming
-logFile
Logs/AssetImportWorker2.log
-srvPort
1444
Successfully changed project path to: C:/Users/keyon/OneDrive/Desktop/SKUGameProgramming4/SKUGameProgramming
C:/Users/keyon/OneDrive/Desktop/SKUGameProgramming4/SKUGameProgramming
[UnityMemory] Configuration Parameters - Can be set up in boot.config
    "memorysetup-bucket-allocator-granularity=16"
    "memorysetup-bucket-allocator-bucket-count=8"
    "memorysetup-bucket-allocator-block-size=33554432"
    "memorysetup-bucket-allocator-block-count=8"
    "memorysetup-main-allocator-block-size=16777216"
    "memorysetup-thread-allocator-block-size=16777216"
    "memorysetup-gfx-main-allocator-block-size=16777216"
    "memorysetup-gfx-thread-allocator-block-size=16777216"
    "memorysetup-cache-allocator-block-size=4194304"
    "memorysetup-typetree-allocator-block-size=2097152"
    "memorysetup-profiler-bucket-allocator-granularity=16"
    "memorysetup-profiler-bucket-allocator-bucket-count=8"
    "memorysetup-profiler-bucket-allocator-block-size=33554432"
    "memorysetup-profiler-bucket-allocator-block-count=8"
    "memorysetup-profiler-allocator-block-size=16777216"
    "memorysetup-profiler-editor-allocator-block-size=1048576"
    "memorysetup-temp-allocator-size-main=16777216"
    "memorysetup-job-temp-allocator-block-size=2097152"
    "memorysetup-job-temp-allocator-block-size-background=1048576"
    "memorysetup-job-temp-allocator-reduction-small-platforms=262144"
    "memorysetup-allocator-temp-initial-block-size-main=262144"
    "memorysetup-allocator-temp-initial-block-size-worker=262144"
    "memorysetup-temp-allocator-size-background-worker=32768"
    "memorysetup-temp-allocator-size-job-worker=262144"
    "memorysetup-temp-allocator-size-preload-manager=33554432"
    "memorysetup-temp-allocator-size-nav-mesh-worker=65536"
    "memorysetup-temp-allocator-size-audio-worker=65536"
    "memorysetup-temp-allocator-size-cloud-worker=32768"
    "memorysetup-temp-allocator-size-gi-baking-worker=262144"
    "memorysetup-temp-allocator-size-gfx=262144"
Player connection [27388] Host "[IP] 172.30.1.42 [Port] 0 [Flags] 2 [Guid] 1006831318 [EditorId] 1006831318 [Version] 1048832 [Id] WindowsEditor(7,È«¿ø±â) [Debug] 1 [PackageName] WindowsEditor [ProjectName] Editor" joined multi-casting on [225.0.0.222:54997]...

Player connection [27388] Host "[IP] 172.30.1.42 [Port] 0 [Flags] 2 [Guid] 1006831318 [EditorId] 1006831318 [Version] 1048832 [Id] WindowsEditor(7,È«¿ø±â) [Debug] 1 [PackageName] WindowsEditor [ProjectName] Editor" joined alternative multi-casting on [225.0.0.222:34997]...

[Physics::Module] Initialized MultithreadedJobDispatcher with 23 workers.
Refreshing native plugins compatible for Editor in 20.39 ms, found 9 plugins.
Preloading 0 native plugins for Editor in 0.00 ms.
Initialize engine version: 2022.3.21f1 (bf09ca542b87)
[Subsystems] Discovering subsystems at path C:/Program Files/Unity/Hub/Editor/2022.3.21f1/Editor/Data/Resources/UnitySubsystems
[Subsystems] Discovering subsystems at path C:/Users/keyon/OneDrive/Desktop/SKUGameProgramming4/SKUGameProgramming/Assets
GfxDevice: creating device client; threaded=0; jobified=0
Direct3D:
    Version:  Direct3D 11.0 [level 11.1]
    Renderer: NVIDIA GeForce RTX 4060 Laptop GPU (ID=0x28a0)
    Vendor:   NVIDIA
    VRAM:     7972 MB
    Driver:   31.0.15.4680
Initialize mono
Mono path[0] = 'C:/Program Files/Unity/Hub/Editor/2022.3.21f1/Editor/Data/Managed'
Mono path[1] = 'C:/Program Files/Unity/Hub/Editor/2022.3.21f1/Editor/Data/MonoBleedingEdge/lib/mono/unityjit-win32'
Mono config path = 'C:/Program Files/Unity/Hub/Editor/2022.3.21f1/Editor/Data/MonoBleedingEdge/etc'
Using monoOptions --debugger-agent=transport=dt_socket,embedding=1,server=y,suspend=n,address=127.0.0.1:56412
Begin MonoManager ReloadAssembly
Registering precompiled unity dll's ...
Register platform support module: C:/Program Files/Unity/Hub/Editor/2022.3.21f1/Editor/Data/PlaybackEngines/AndroidPlayer/UnityEditor.Android.Extensions.dll
Register platform support module: C:/Program Files/Unity/Hub/Editor/2022.3.21f1/Editor/Data/PlaybackEngines/WindowsStandaloneSupport/UnityEditor.WindowsStandalone.Extensions.dll
Registered in 0.008134 seconds.
- Loaded All Assemblies, in  0.271 seconds
Native extension for WindowsStandalone target not found
Native extension for Android target not found
Android Extension - Scanning For ADB Devices 266 ms
Mono: successfully reloaded assembly
- Finished resetting the current domain, in  0.519 seconds
Domain Reload Profiling: 788ms
	BeginReloadAssembly (81ms)
		ExecutionOrderSort (0ms)
		DisableScriptedObjects (0ms)
		BackupInstance (0ms)
		ReleaseScriptingObjects (0ms)
		CreateAndSetChildDomain (1ms)
	RebuildCommonClasses (22ms)
	RebuildNativeTypeToScriptingClass (7ms)
	initialDomainReloadingComplete (46ms)
	LoadAllAssembliesAndSetupDomain (112ms)
		LoadAssemblies (80ms)
		RebuildTransferFunctionScriptingTraits (0ms)
		AnalyzeDomain (110ms)
			TypeCache.Refresh (109ms)
				TypeCache.ScanAssembly (96ms)
			ScanForSourceGeneratedMonoScriptInfo (0ms)
			ResolveRequiredComponents (0ms)
	FinalizeReload (519ms)
		ReleaseScriptCaches (0ms)
		RebuildScriptCaches (0ms)
		SetupLoadedEditorAssemblies (475ms)
			LogAssemblyErrors (0ms)
			InitializePlatformSupportModulesInManaged (345ms)
			SetLoadedEditorAssemblies (3ms)
			RefreshPlugins (0ms)
			BeforeProcessingInitializeOnLoad (1ms)
			ProcessInitializeOnLoadAttributes (81ms)
			ProcessInitializeOnLoadMethodAttributes (45ms)
			AfterProcessingInitializeOnLoad (0ms)
			EditorAssembliesLoaded (0ms)
		ExecutionOrderSort2 (0ms)
		AwakeInstancesAfterBackupRestoration (0ms)
========================================================================
Worker process is ready to serve import requests
Begin MonoManager ReloadAssembly
- Loaded All Assemblies, in  0.644 seconds
Refreshing native plugins compatible for Editor in 8.77 ms, found 9 plugins.
Native extension for WindowsStandalone target not found
Native extension for Android target not found
Package Manager log level set to [2]
[Package Manager] Server::EnsureServerProcessIsRunning -- launch failed, reason: Unity was launched with the -noUpm command-line argument
[Package Manager] UpmClient::Send -- Unable to send message (not connected to UPM process).
[Package Manager] Cannot connect to Unity Package Manager local server
Mono: successfully reloaded assembly
- Finished resetting the current domain, in  0.755 seconds
Domain Reload Profiling: 1395ms
	BeginReloadAssembly (111ms)
		ExecutionOrderSort (0ms)
		DisableScriptedObjects (4ms)
		BackupInstance (0ms)
		ReleaseScriptingObjects (0ms)
		CreateAndSetChildDomain (15ms)
	RebuildCommonClasses (23ms)
	RebuildNativeTypeToScriptingClass (7ms)
	initialDomainReloadingComplete (34ms)
	LoadAllAssembliesAndSetupDomain (464ms)
		LoadAssemblies (315ms)
		RebuildTransferFunctionScriptingTraits (0ms)
		AnalyzeDomain (218ms)
			TypeCache.Refresh (175ms)
				TypeCache.ScanAssembly (156ms)
			ScanForSourceGeneratedMonoScriptInfo (30ms)
			ResolveRequiredComponents (11ms)
	FinalizeReload (756ms)
		ReleaseScriptCaches (0ms)
		RebuildScriptCaches (0ms)
		SetupLoadedEditorAssemblies (584ms)
			LogAssemblyErrors (0ms)
			InitializePlatformSupportModulesInManaged (21ms)
			SetLoadedEditorAssemblies (5ms)
			RefreshPlugins (0ms)
			BeforeProcessingInitializeOnLoad (87ms)
			ProcessInitializeOnLoadAttributes (368ms)
			ProcessInitializeOnLoadMethodAttributes (98ms)
			AfterProcessingInitializeOnLoad (6ms)
			EditorAssembliesLoaded (0ms)
		ExecutionOrderSort2 (0ms)
		AwakeInstancesAfterBackupRestoration (11ms)
Launched and connected shader compiler UnityShaderCompiler.exe after 0.04 seconds
Refreshing native plugins compatible for Editor in 8.92 ms, found 9 plugins.
Preloading 0 native plugins for Editor in 0.00 ms.
Unloading 6811 Unused Serialized files (Serialized files now loaded: 0)
Unloading 136 unused Assets / (1.6 MB). Loaded Objects now: 7269.
Memory consumption went from 260.3 MB to 258.7 MB.
Total: 4.292500 ms (FindLiveObjects: 0.475600 ms CreateObjectMapping: 0.216500 ms MarkObjects: 2.937700 ms  DeleteObjects: 0.661800 ms)

AssetImportParameters requested are different than current active one (requested -> active):
  custom:container-demuxer-ogg: 62fdf1f143b41e24485cea50d1cbac27 -> 
  custom:framework-win-MediaFoundation: 216162199b28c13a410421893ffa2e32 -> 
  custom:scripting/monoscript/fileName/QUI_TabWindow.cs: b417596f78903b2e8deeebf2d04f3f87 -> 41f6185966ad34fa91bdd97da60ef228
  custom:scripting/monoscript/fileName/QUI_ElementAnimation.cs: 1b8bedf3352124b11ad31687b89edad9 -> ee5310dcde9c42e4278c0d8f149cd55a
  custom:container-muxer-webm: aa71ff27fc2769a1b78a27578f13a17b -> 
  custom:video-decoder-webm-vp8: 9c59270c3fd7afecdb556c50c9e8de78 -> 
  custom:SearchIndexIgnoredProperties: e643bd26f0fe6173181afceb89e7c659 -> 
  custom:scripting/monoscript/fileName/QUI_OptionList.cs: 8654d4743a9eabf713eeec5ae4c8fe4d -> 1311d13b20e0d8bb03a30126d6da6160
  custom:AudioImporter_EditorPlatform: d09bf68614088b80899f8185d706f6e7 -> 
  custom:scripting/monoscript/fileName/QUI_ElementAnimator.cs: bb2969f79e979fcfad8fce51f94a37c2 -> 59358cbe5da1eea8c744c6e4db3073e6
  custom:scripting/monoscript/fileName/QUI_Menu.cs: 43ef382157deac1dd353aacba54f62a1 -> 79735b59170667b078667246bee2b002
  custom:audio-decoder-ogg-vorbis: bf7c407c2cedff20999df2af8eb42d56 -> 
  custom:scripting/monoscript/fileName/QUI_ElementAnimationPreset.cs: f5460e4750350be4b0ed0c0e1ab5fbe8 -> ef1b80b1e2003956fad7fd5e12981c6d
  custom:scripting/monoscript/fileName/QUI_Bar.cs: 632e3c646d732dcf794a80b1570c7794 -> 07fbb3f5f27c0cc3d9a490423eb02840
  custom:audio-encoder-webm-vorbis: bf7c407c2cedff20999df2af8eb42d56 -> 
  custom:video-codec-MediaFoundation-h265: 746d11721c4dcdbdad8f713fa42b33f4 -> 
  custom:video-decoder-ogg-theora: a1e56fd34408186e4bbccfd4996cb3dc -> 
  custom:scripting/monoscript/fileName/QUI_ElementAudioPreset.cs: 1f41d0c70960efcb005b6811133148d1 -> 7f3ad8028b9c046b37347ab2edc4ac8d
  custom:scripting/monoscript/fileName/QUI_TabGroup.cs: c997be7bdf05aa040e0852e4e77b6c54 -> cf133a23768b770036ff4627cca1b083
  custom:scripting/monoscript/fileName/QUI_ElementAudio.cs: b966c04d709eae98622d97240b19eb79 -> 4603e08ad01a7709d1a3b7dca9f6dcb9
  custom:CustomObjectIndexerAttribute: 72b91833f83ae208fae7752999fa3104 -> 
  custom:scripting/monoscript/fileName/QUI_SwitchToggle.cs: 9d8d1df27d1a91f09151fecd77716877 -> 6fbf6fbbe41c756767f41f20ceacaccd
  custom:container-demuxer-webm: 4f35f7cbe854078d1ac9338744f61a02 -> 
  custom:scripting/monoscript/fileName/QUI_Element.cs: f73c40a6e97b7932b11222fc6dbe9165 -> a909d55960e2858703ff3454b2ad9315
  custom:scripting/monoscript/fileName/QUI_Window.cs: bdb0bf05719841a77bf14c5aac9ae2b3 -> 18773ab5a93a0fa8ecfba76043e3c5b3
  custom:scripting/monoscript/fileName/QUI_Tab.cs: f0bcdf4f811a64e589757536a3ae7db4 -> 781c490cfcaeb14b6cf4ceaef9cbe5e5
  custom:scripting/monoscript/fileName/QUI_SceneTransition.cs: 80d46130a6d0df3f71d8a7ae503fbf27 -> 2ca1caff8e519483840eec75c5db53ee
  custom:video-encoder-webm-vp8: eb34c28f22e8b96e1ab97ce403110664 -> 
  custom:scripting/monoscript/fileName/QUI_ElementAudioClip.cs: 100ccb5a24dc087b79ff730dd60edcd3 -> bfeb7aff01ac8e4e9f2a18dca1b987b2
========================================================================
Received Import Request.
  Time since last request: 512231.482040 seconds.
  path: Assets/vFolders/vFolders Palette.asset
  artifactKey: Guid(fe1dc9b347f6d2940a7f997e1cf67162) Importer(815301076,1909f56bfc062723c751e8b465ee728b)
Start importing Assets/vFolders/vFolders Palette.asset using Guid(fe1dc9b347f6d2940a7f997e1cf67162) Importer(815301076,1909f56bfc062723c751e8b465ee728b)  -> (artifact id: '3aa624149a41428a80277ea7204fc029') in 0.009278 seconds
Number of updated asset objects reloaded before import = 1
Number of asset objects unloaded after import = 0
========================================================================
Received Import Request.
  Time since last request: 49.624707 seconds.
  path: Assets/04.ArtResource/Brackeys
  artifactKey: Guid(d13986b4f38ad1141aafc5689d635bee) Importer(815301076,1909f56bfc062723c751e8b465ee728b)
Start importing Assets/04.ArtResource/Brackeys using Guid(d13986b4f38ad1141aafc5689d635bee) Importer(815301076,1909f56bfc062723c751e8b465ee728b)  -> (artifact id: '68158f824340ced80391847ee751c6a8') in 0.000495 seconds
Number of updated asset objects reloaded before import = 0
Number of asset objects unloaded after import = 0
========================================================================
Received Import Request.
  Time since last request: 0.377094 seconds.
  path: Assets/04.ArtResource/FREE Parallax Forest Background HQ
  artifactKey: Guid(0fb143de93fa01142addf528bd8b0f5d) Importer(815301076,1909f56bfc062723c751e8b465ee728b)
Start importing Assets/04.ArtResource/FREE Parallax Forest Background HQ using Guid(0fb143de93fa01142addf528bd8b0f5d) Importer(815301076,1909f56bfc062723c751e8b465ee728b)  -> (artifact id: '910253cf70354666ae8028c3fb83be6a') in 0.000484 seconds
Number of updated asset objects reloaded before import = 0
Number of asset objects unloaded after import = 0
========================================================================
Received Import Request.
  Time since last request: 1.805763 seconds.
  path: Assets/04.ArtResource/Medieval_pixel_art_asset_FREE
  artifactKey: Guid(3c001a7600dbb324e94fdb808fd28929) Importer(815301076,1909f56bfc062723c751e8b465ee728b)
Start importing Assets/04.ArtResource/Medieval_pixel_art_asset_FREE using Guid(3c001a7600dbb324e94fdb808fd28929) Importer(815301076,1909f56bfc062723c751e8b465ee728b)  -> (artifact id: 'e8c5d5543aac883010059cdd36c1a0f3') in 0.000994 seconds
Number of updated asset objects reloaded before import = 0
Number of asset objects unloaded after import = 0
========================================================================
Received Import Request.
  Time since last request: 4.014394 seconds.
  path: Assets/04.ArtResource/SunnyLand Artwork
  artifactKey: Guid(2f17d1e6a207e4d8eb72bd03b1b645ac) Importer(815301076,1909f56bfc062723c751e8b465ee728b)
Start importing Assets/04.ArtResource/SunnyLand Artwork using Guid(2f17d1e6a207e4d8eb72bd03b1b645ac) Importer(815301076,1909f56bfc062723c751e8b465ee728b)  -> (artifact id: '88e5ae6c459256a714c213773e8ee955') in 0.000599 seconds
Number of updated asset objects reloaded before import = 0
Number of asset objects unloaded after import = 0
========================================================================
Received Import Request.
  Time since last request: 2.865281 seconds.
  path: Assets/04.ArtResource/Sprite/Coin
  artifactKey: Guid(b50da765082ae3a4eba07b327830d413) Importer(815301076,1909f56bfc062723c751e8b465ee728b)
Start importing Assets/04.ArtResource/Sprite/Coin using Guid(b50da765082ae3a4eba07b327830d413) Importer(815301076,1909f56bfc062723c751e8b465ee728b)  -> (artifact id: 'b8ae2b629df9b73ba9589fcb532fe753') in 0.000458 seconds
Number of updated asset objects reloaded before import = 0
Number of asset objects unloaded after import = 0
========================================================================
Received Import Request.
  Time since last request: 16.528833 seconds.
  path: Assets/04.ArtResource/Monster/Asset FTTGR/Palettes
  artifactKey: Guid(6a49e1aba80c54b4c96b05fad2788769) Importer(815301076,1909f56bfc062723c751e8b465ee728b)
Start importing Assets/04.ArtResource/Monster/Asset FTTGR/Palettes using Guid(6a49e1aba80c54b4c96b05fad2788769) Importer(815301076,1909f56bfc062723c751e8b465ee728b)  -> (artifact id: 'b6717ba1e6df7bd9ba6613edd0815ee9') in 0.000927 seconds
Number of updated asset objects reloaded before import = 1
Number of asset objects unloaded after import = 0
========================================================================
Received Import Request.
  Time since last request: 0.339862 seconds.
  path: Assets/04.ArtResource/Monster/Asset FTTGR/Sprites
  artifactKey: Guid(4198fc16d61815b48badabbc14d2cf55) Importer(815301076,1909f56bfc062723c751e8b465ee728b)
Start importing Assets/04.ArtResource/Monster/Asset FTTGR/Sprites using Guid(4198fc16d61815b48badabbc14d2cf55) Importer(815301076,1909f56bfc062723c751e8b465ee728b)  -> (artifact id: '5d250c30f9d209c306a193992f5cb130') in 0.000966 seconds
Number of updated asset objects reloaded before import = 0
Number of asset objects unloaded after import = 0
========================================================================
Received Import Request.
  Time since last request: 1.075558 seconds.
  path: Assets/04.ArtResource/Monster/Asset FTTGR/Sprites/VFXs
  artifactKey: Guid(ff151104feb152c4c9cf378954feb5ad) Importer(815301076,1909f56bfc062723c751e8b465ee728b)
Start importing Assets/04.ArtResource/Monster/Asset FTTGR/Sprites/VFXs using Guid(ff151104feb152c4c9cf378954feb5ad) Importer(815301076,1909f56bfc062723c751e8b465ee728b)  -> (artifact id: '8e84cb2e277e287fdf5b558ee27bb8f9') in 0.001049 seconds
Number of updated asset objects reloaded before import = 0
Number of asset objects unloaded after import = 0
